1586281574.741781 client started (10141): version 2.6, socket /tmp/tmux-1000/default, protocol 8
1586281574.741850 on Linux 5.3.0-42-generic #34~18.04.1-Ubuntu SMP Fri Feb 28 13:42:26 UTC 2020; libevent 2.1.8-stable (poll)
1586281574.741906 socket is /tmp/tmux-1000/default
1586281574.741935 trying connect
1586281574.741971 connect failed: Connection refused
1586281574.741995 lock file is /tmp/tmux-1000/default.lock
1586281574.742063 flock succeeded
1586281574.742074 got lock (6)
1586281574.742094 trying connect
1586281574.742117 connect failed: Connection refused
1586281574.742577 add peer 0x55b6d1e3e800: 7 ((nil))
1586281574.742842 sending message 100 to peer 0x55b6d1e3e800 (4 bytes)
1586281574.742863 sending message 101 to peer 0x55b6d1e3e800 (15 bytes)
1586281574.742876 sending message 102 to peer 0x55b6d1e3e800 (11 bytes)
1586281574.742888 sending message 108 to peer 0x55b6d1e3e800 (36 bytes)
1586281574.742902 sending message 104 to peer 0x55b6d1e3e800 (0 bytes)
1586281574.742917 sending message 107 to peer 0x55b6d1e3e800 (4 bytes)
1586281574.742930 sending message 105 to peer 0x55b6d1e3e800 (1516 bytes)
1586281574.742963 sending message 105 to peer 0x55b6d1e3e800 (27 bytes)
1586281574.742976 sending message 105 to peer 0x55b6d1e3e800 (34 bytes)
1586281574.742989 sending message 105 to peer 0x55b6d1e3e800 (21 bytes)
1586281574.743001 sending message 105 to peer 0x55b6d1e3e800 (24 bytes)
1586281574.743012 sending message 105 to peer 0x55b6d1e3e800 (22 bytes)
1586281574.743024 sending message 105 to peer 0x55b6d1e3e800 (17 bytes)
1586281574.743035 sending message 105 to peer 0x55b6d1e3e800 (15 bytes)
1586281574.743047 sending message 105 to peer 0x55b6d1e3e800 (13 bytes)
1586281574.743059 sending message 105 to peer 0x55b6d1e3e800 (41 bytes)
1586281574.743071 sending message 105 to peer 0x55b6d1e3e800 (47 bytes)
1586281574.743107 sending message 105 to peer 0x55b6d1e3e800 (24 bytes)
1586281574.743120 sending message 105 to peer 0x55b6d1e3e800 (20 bytes)
1586281574.743132 sending message 105 to peer 0x55b6d1e3e800 (11 bytes)
1586281574.743143 sending message 105 to peer 0x55b6d1e3e800 (41 bytes)
1586281574.743155 sending message 105 to peer 0x55b6d1e3e800 (21 bytes)
1586281574.743166 sending message 105 to peer 0x55b6d1e3e800 (20 bytes)
1586281574.743178 sending message 105 to peer 0x55b6d1e3e800 (18 bytes)
1586281574.743190 sending message 105 to peer 0x55b6d1e3e800 (50 bytes)
1586281574.743202 sending message 105 to peer 0x55b6d1e3e800 (12 bytes)
1586281574.743213 sending message 105 to peer 0x55b6d1e3e800 (20 bytes)
1586281574.743225 sending message 105 to peer 0x55b6d1e3e800 (24 bytes)
1586281574.743237 sending message 105 to peer 0x55b6d1e3e800 (26 bytes)
1586281574.743248 sending message 105 to peer 0x55b6d1e3e800 (40 bytes)
1586281574.743278 sending message 105 to peer 0x55b6d1e3e800 (18 bytes)
1586281574.743281 sending message 105 to peer 0x55b6d1e3e800 (18 bytes)
1586281574.743283 sending message 105 to peer 0x55b6d1e3e800 (19 bytes)
1586281574.743285 sending message 105 to peer 0x55b6d1e3e800 (21 bytes)
1586281574.743288 sending message 105 to peer 0x55b6d1e3e800 (112 bytes)
1586281574.743290 sending message 105 to peer 0x55b6d1e3e800 (28 bytes)
1586281574.743293 sending message 105 to peer 0x55b6d1e3e800 (23 bytes)
1586281574.743295 sending message 105 to peer 0x55b6d1e3e800 (23 bytes)
1586281574.743298 sending message 105 to peer 0x55b6d1e3e800 (20 bytes)
1586281574.743300 sending message 105 to peer 0x55b6d1e3e800 (20 bytes)
1586281574.743302 sending message 105 to peer 0x55b6d1e3e800 (16 bytes)
1586281574.743305 sending message 105 to peer 0x55b6d1e3e800 (17 bytes)
1586281574.743307 sending message 105 to peer 0x55b6d1e3e800 (20 bytes)
1586281574.743309 sending message 105 to peer 0x55b6d1e3e800 (52 bytes)
1586281574.743312 sending message 105 to peer 0x55b6d1e3e800 (25 bytes)
1586281574.743314 sending message 105 to peer 0x55b6d1e3e800 (52 bytes)
1586281574.743317 sending message 105 to peer 0x55b6d1e3e800 (15 bytes)
1586281574.743319 sending message 105 to peer 0x55b6d1e3e800 (8 bytes)
1586281574.743321 sending message 105 to peer 0x55b6d1e3e800 (15 bytes)
1586281574.743328 sending message 105 to peer 0x55b6d1e3e800 (18 bytes)
1586281574.743331 sending message 105 to peer 0x55b6d1e3e800 (25 bytes)
1586281574.743335 sending message 105 to peer 0x55b6d1e3e800 (19 bytes)
1586281574.743338 sending message 105 to peer 0x55b6d1e3e800 (15 bytes)
1586281574.743340 sending message 105 to peer 0x55b6d1e3e800 (54 bytes)
1586281574.743343 sending message 105 to peer 0x55b6d1e3e800 (31 bytes)
1586281574.743345 sending message 105 to peer 0x55b6d1e3e800 (36 bytes)
1586281574.743347 sending message 105 to peer 0x55b6d1e3e800 (58 bytes)
1586281574.743349 sending message 105 to peer 0x55b6d1e3e800 (55 bytes)
1586281574.743352 sending message 105 to peer 0x55b6d1e3e800 (128 bytes)
1586281574.743354 sending message 105 to peer 0x55b6d1e3e800 (30 bytes)
1586281574.743356 sending message 105 to peer 0x55b6d1e3e800 (80 bytes)
1586281574.743359 sending message 105 to peer 0x55b6d1e3e800 (78 bytes)
1586281574.743361 sending message 105 to peer 0x55b6d1e3e800 (32 bytes)
1586281574.743363 sending message 105 to peer 0x55b6d1e3e800 (20 bytes)
1586281574.743366 sending message 105 to peer 0x55b6d1e3e800 (16 bytes)
1586281574.743368 sending message 105 to peer 0x55b6d1e3e800 (16 bytes)
1586281574.743370 sending message 106 to peer 0x55b6d1e3e800 (0 bytes)
1586281574.743373 sending message 200 to peer 0x55b6d1e3e800 (4 bytes)
1586281574.743375 client loop enter
1586281574.749322 peer 0x55b6d1e3e800 message 207
1586281574.749331 sending message 208 to peer 0x55b6d1e3e800 (0 bytes)
1586281598.412570 peer 0x55b6d1e3e800 message 203
1586281598.412606 sending message 205 to peer 0x55b6d1e3e800 (0 bytes)
1586281598.413450 peer 0x55b6d1e3e800 message 204
1586281598.413480 client loop exit
